<?xml version="1.0" encoding="UTF-8"?>
<!-- Generated by org.testng.reporters.JUnitXMLReporter -->
<testsuite hostname="swapnil-PC" ignored="3" name="Test" tests="1" failures="1" timestamp="31 Oct 2019 10:23:29 GMT" time="0.047" errors="0">
  <testcase name="sum" time="0.016" classname="tests.FirstDemo">
    <failure type="java.lang.AssertionError" message="expected [30] but found [40]">
      <![CDATA[java.lang.AssertionError: expected [30] but found [40]
at tests.FirstDemo.sum(FirstDemo.java:19)
... Removed 35 stack frames]]>
    </failure>
  </testcase> <!-- sum -->
  <testcase name="div" time="0.0" classname="tests.FirstDemo">
    <ignored/>
  </testcase> <!-- div -->
  <testcase name="sub" time="0.0" classname="tests.FirstDemo">
    <ignored/>
  </testcase> <!-- sub -->
  <testcase name="mul" time="0.0" classname="tests.FirstDemo">
    <ignored/>
  </testcase> <!-- mul -->
</testsuite> <!-- Test -->
